[debug] [2021-06-16T04:56:27.845Z] ----------------------------------------------------------------------
[debug] [2021-06-16T04:56:27.850Z] Command:       /usr/bin/node /usr/bin/firebase emulators:start --import ./.dataexport --project fir-1-dd357
[debug] [2021-06-16T04:56:27.851Z] CLI Version:   9.12.1
[debug] [2021-06-16T04:56:27.851Z] Platform:      linux
[debug] [2021-06-16T04:56:27.852Z] Node Version:  v12.21.0
[debug] [2021-06-16T04:56:27.917Z] Time:          Wed Jun 16 2021 07:56:27 GMT+0300 (Eastern European Summer Time)
[debug] [2021-06-16T04:56:27.917Z] ----------------------------------------------------------------------
[debug] 
[debug] [2021-06-16T04:56:27.980Z] > command requires scopes: ["email","openid","https://www.googleapis.com/auth/cloudplatformprojects.readonly","https://www.googleapis.com/auth/firebase","https://www.googleapis.com/auth/cloud-platform"]
[debug] [2021-06-16T04:56:27.980Z] > authorizing via signed-in user (ivvmail@gmail.com)
[info] i  emulators: Starting emulators: auth, functions, firestore, database, hosting, pubsub, storage {"metadata":{"emulator":{"name":"hub"},"message":"Starting emulators: auth, functions, firestore, database, hosting, pubsub, storage"}}
[warn] ⚠  emulators: It seems that you are running multiple instances of the emulator suite for project fir-1-dd357. This may result in unexpected behavior. 
[debug] [2021-06-16T04:56:28.011Z] [hub] writing locator at /tmp/hub-fir-1-dd357.json
[info] ✔  functions: Using node@12 from host. {"metadata":{"emulator":{"name":"functions"},"message":"Using node@12 from host."}}
[debug] [2021-06-16T04:56:28.096Z] defaultcredentials: writing to file /root/.config/firebase/ivvmail_gmail_com_application_default_credentials.json
[debug] [2021-06-16T04:56:28.112Z] Setting GAC to /root/.config/firebase/ivvmail_gmail_com_application_default_credentials.json {"metadata":{"emulator":{"name":"functions"},"message":"Setting GAC to /root/.config/firebase/ivvmail_gmail_com_application_default_credentials.json"}}
[debug] [2021-06-16T04:56:28.114Z] > refreshing access token with scopes: []
[debug] [2021-06-16T04:56:28.115Z] >>> HTTP REQUEST POST https://www.googleapis.com/oauth2/v3/token  
 <request body omitted>
[debug] [2021-06-16T04:56:28.297Z] <<< HTTP RESPONSE 200 {"pragma":"no-cache","expires":"Mon, 01 Jan 1990 00:00:00 GMT","cache-control":"no-cache, no-store, max-age=0, must-revalidate","date":"Wed, 16 Jun 2021 04:56:28 GMT","content-type":"application/json; charset=utf-8","vary":"X-Origin, Referer, Origin,Accept-Encoding","server":"scaffolding on HTTPServer2","x-xss-protection":"0","x-frame-options":"SAMEORIGIN","x-content-type-options":"nosniff","alt-svc":"h3=\":443\"; ma=2592000,h3-29=\":443\"; ma=2592000,h3-T051=\":443\"; ma=2592000,h3-Q050=\":443\"; ma=2592000,h3-Q046=\":443\"; ma=2592000,h3-Q043=\":443\"; ma=2592000,quic=\":443\"; ma=2592000; v=\"46,43\"","accept-ranges":"none","transfer-encoding":"chunked"}
[debug] [2021-06-16T04:56:28.477Z] >>> [apiv2][query] GET https://firebase.googleapis.com/v1beta1/projects/fir-1-dd357/adminSdkConfig [none]
[debug] [2021-06-16T04:56:29.034Z] <<< [apiv2][status] GET https://firebase.googleapis.com/v1beta1/projects/fir-1-dd357/adminSdkConfig 200
[debug] [2021-06-16T04:56:29.034Z] <<< [apiv2][body] GET https://firebase.googleapis.com/v1beta1/projects/fir-1-dd357/adminSdkConfig {"projectId":"fir-1-dd357","databaseURL":"https://fir-1-dd357.firebaseio.com","storageBucket":"fir-1-dd357.appspot.com","locationId":"europe-west3"}
[info] i  firestore: Importing data from /root/fun/firestorm/.dataexport/firestore_export/firestore_export.overall_export_metadata {"metadata":{"emulator":{"name":"firestore"},"message":"Importing data from /root/fun/firestorm/.dataexport/firestore_export/firestore_export.overall_export_metadata"}}
[debug] [2021-06-16T04:56:29.136Z] Ignoring unsupported arg: projectId {"metadata":{"emulator":{"name":"firestore"},"message":"Ignoring unsupported arg: projectId"}}
[debug] [2021-06-16T04:56:29.136Z] Ignoring unsupported arg: auto_download {"metadata":{"emulator":{"name":"firestore"},"message":"Ignoring unsupported arg: auto_download"}}
[debug] [2021-06-16T04:56:29.137Z] Starting Firestore Emulator with command {"binary":"java","args":["-Djava.net.preferIPv4Stack=true","-Dgoogle.cloud_firestore.debug_log_level=FINE","-Duser.language=en","-jar","/root/.cache/firebase/emulators/cloud-firestore-emulator-v1.12.0.jar","--host","127.0.0.1","--port",8080,"--seed_from_export","/root/fun/firestorm/.dataexport/firestore_export/firestore_export.overall_export_metadata","--rules","/root/fun/firestore.rules","--functions_emulator","127.0.0.1:5001"],"optionalArgs":["port","webchannel_port","host","rules","functions_emulator","seed_from_export"],"joinArgs":false} {"metadata":{"emulator":{"name":"firestore"},"message":"Starting Firestore Emulator with command {\"binary\":\"java\",\"args\":[\"-Djava.net.preferIPv4Stack=true\",\"-Dgoogle.cloud_firestore.debug_log_level=FINE\",\"-Duser.language=en\",\"-jar\",\"/root/.cache/firebase/emulators/cloud-firestore-emulator-v1.12.0.jar\",\"--host\",\"127.0.0.1\",\"--port\",8080,\"--seed_from_export\",\"/root/fun/firestorm/.dataexport/firestore_export/firestore_export.overall_export_metadata\",\"--rules\",\"/root/fun/firestore.rules\",\"--functions_emulator\",\"127.0.0.1:5001\"],\"optionalArgs\":[\"port\",\"webchannel_port\",\"host\",\"rules\",\"functions_emulator\",\"seed_from_export\"],\"joinArgs\":false}"}}
[info] i  firestore: Firestore Emulator logging to firestore-debug.log {"metadata":{"emulator":{"name":"firestore"},"message":"Firestore Emulator logging to \u001b[1mfirestore-debug.log\u001b[22m"}}
[debug] [2021-06-16T04:56:37.747Z] Jun 16, 2021 7:56:37 AM com.google.cloud.datastore.emulator.firestore.websocket.WebSocketServer start
INFO: Started WebSocket server on ws://127.0.0.1:43325
 {"metadata":{"emulator":{"name":"firestore"},"message":"Jun 16, 2021 7:56:37 AM com.google.cloud.datastore.emulator.firestore.websocket.WebSocketServer start\nINFO: Started WebSocket server on ws://127.0.0.1:43325\n"}}
[debug] [2021-06-16T04:56:37.839Z] API endpoint: http://127.0.0.1: {"metadata":{"emulator":{"name":"firestore"},"message":"API endpoint: http://127.0.0.1:"}}
[debug] [2021-06-16T04:56:37.839Z] 8080
If you are using a library that supports the FIRESTORE_EMULATOR_HOST environment variable, run:

   export FIRESTORE_EMULATOR_HOST=127.0.0.1:8080

Dev App Server is now running.

 {"metadata":{"emulator":{"name":"firestore"},"message":"8080\nIf you are using a library that supports the FIRESTORE_EMULATOR_HOST environment variable, run:\n\n   export FIRESTORE_EMULATOR_HOST=127.0.0.1:8080\n\nDev App Server is now running.\n\n"}}
[debug] [2021-06-16T04:56:38.065Z] >>> [apiv2][query] GET https://firebase.googleapis.com/v1beta1/projects/fir-1-dd357 [none]
[debug] [2021-06-16T04:56:38.327Z] <<< [apiv2][status] GET https://firebase.googleapis.com/v1beta1/projects/fir-1-dd357 200
[debug] [2021-06-16T04:56:38.327Z] <<< [apiv2][body] GET https://firebase.googleapis.com/v1beta1/projects/fir-1-dd357 {"projectId":"fir-1-dd357","projectNumber":"713795347645","displayName":"firebase1","name":"projects/fir-1-dd357","resources":{"hostingSite":"fir-1-dd357","realtimeDatabaseInstance":"fir-1-dd357","storageBucket":"fir-1-dd357.appspot.com","locationId":"europe-west3"},"state":"ACTIVE"}
[debug] [2021-06-16T04:56:38.328Z] database rules config:  [{"instance":"fir-1-dd357","rules":"/root/fun/database.rules.json"}]
[debug] [2021-06-16T04:56:38.332Z] Ignoring unsupported arg: projectId {"metadata":{"emulator":{"name":"database"},"message":"Ignoring unsupported arg: projectId"}}
[debug] [2021-06-16T04:56:38.333Z] Ignoring unsupported arg: auto_download {"metadata":{"emulator":{"name":"database"},"message":"Ignoring unsupported arg: auto_download"}}
[debug] [2021-06-16T04:56:38.333Z] Ignoring unsupported arg: rules {"metadata":{"emulator":{"name":"database"},"message":"Ignoring unsupported arg: rules"}}
[debug] [2021-06-16T04:56:38.333Z] Starting Database Emulator with command {"binary":"java","args":["-Djava.net.preferIPv4Stack=true","-Duser.language=en","-jar","/root/.cache/firebase/emulators/firebase-database-emulator-v4.7.2.jar","--host","127.0.0.1","--port",9000,"--functions_emulator_host","127.0.0.1","--functions_emulator_port",5001],"optionalArgs":["port","host","functions_emulator_port","functions_emulator_host"],"joinArgs":false} {"metadata":{"emulator":{"name":"database"},"message":"Starting Database Emulator with command {\"binary\":\"java\",\"args\":[\"-Djava.net.preferIPv4Stack=true\",\"-Duser.language=en\",\"-jar\",\"/root/.cache/firebase/emulators/firebase-database-emulator-v4.7.2.jar\",\"--host\",\"127.0.0.1\",\"--port\",9000,\"--functions_emulator_host\",\"127.0.0.1\",\"--functions_emulator_port\",5001],\"optionalArgs\":[\"port\",\"host\",\"functions_emulator_port\",\"functions_emulator_host\"],\"joinArgs\":false}"}}
[info] i  database: Database Emulator logging to database-debug.log {"metadata":{"emulator":{"name":"database"},"message":"Database Emulator logging to \u001b[1mdatabase-debug.log\u001b[22m"}}
[debug] [2021-06-16T04:56:40.169Z] WARNING: An illegal reflective access operation has occurred
WARNING: Illegal reflective access by io.netty.util.internal.ReflectionUtil (file:/root/.cache/firebase/emulators/firebase-database-emulator-v4.7.2.jar) to field sun.nio.ch.SelectorImpl.selectedKeys
WARNING: Please consider reporting this to the maintainers of io.netty.util.internal.ReflectionUtil
WARNING: Use --illegal-access=warn to enable warnings of further illegal reflective access operations
WARNING: All illegal access operations will be denied in a future release
 {"metadata":{"emulator":{"name":"database"},"message":"WARNING: An illegal reflective access operation has occurred\nWARNING: Illegal reflective access by io.netty.util.internal.ReflectionUtil (file:/root/.cache/firebase/emulators/firebase-database-emulator-v4.7.2.jar) to field sun.nio.ch.SelectorImpl.selectedKeys\nWARNING: Please consider reporting this to the maintainers of io.netty.util.internal.ReflectionUtil\nWARNING: Use --illegal-access=warn to enable warnings of further illegal reflective access operations\nWARNING: All illegal access operations will be denied in a future release\n"}}
[debug] [2021-06-16T04:56:42.311Z] 07:56:42.309 [NamespaceSystem-akka.actor.default-dispatcher-4] INFO akka.event.slf4j.Slf4jLogger - Slf4jLogger started
 {"metadata":{"emulator":{"name":"database"},"message":"07:56:42.309 [NamespaceSystem-akka.actor.default-dispatcher-4] INFO akka.event.slf4j.Slf4jLogger - Slf4jLogger started\n"}}
[debug] [2021-06-16T04:56:42.968Z] 07:56:42.966 [main] INFO com.firebase.server.forge.App$ - Listening at 127.0.0.1:9000
 {"metadata":{"emulator":{"name":"database"},"message":"07:56:42.966 [main] INFO com.firebase.server.forge.App$ - Listening at 127.0.0.1:9000\n"}}
[info] i  auth: Importing config from /root/fun/firestorm/.dataexport/auth_export/config.json {"metadata":{"emulator":{"name":"database"},"message":"Importing config from /root/fun/firestorm/.dataexport/auth_export/config.json"}}
[info] i  auth: Importing accounts from /root/fun/firestorm/.dataexport/auth_export/accounts.json {"metadata":{"emulator":{"name":"database"},"message":"Importing accounts from /root/fun/firestorm/.dataexport/auth_export/accounts.json"}}
[debug] [2021-06-16T04:56:46.803Z] Ignoring unsupported arg: projectId {"metadata":{"emulator":{"name":"pubsub"},"message":"Ignoring unsupported arg: projectId"}}
[debug] [2021-06-16T04:56:46.804Z] Ignoring unsupported arg: auto_download {"metadata":{"emulator":{"name":"pubsub"},"message":"Ignoring unsupported arg: auto_download"}}
[debug] [2021-06-16T04:56:46.804Z] Starting Pub/Sub Emulator with command {"binary":"/root/.cache/firebase/emulators/pubsub-emulator-0.1.0/pubsub-emulator/bin/cloud-pubsub-emulator","args":["--host=127.0.0.1","--port=8085"],"optionalArgs":["port","host"],"joinArgs":true} {"metadata":{"emulator":{"name":"pubsub"},"message":"Starting Pub/Sub Emulator with command {\"binary\":\"/root/.cache/firebase/emulators/pubsub-emulator-0.1.0/pubsub-emulator/bin/cloud-pubsub-emulator\",\"args\":[\"--host=127.0.0.1\",\"--port=8085\"],\"optionalArgs\":[\"port\",\"host\"],\"joinArgs\":true}"}}
[info] i  pubsub: Pub/Sub Emulator logging to pubsub-debug.log {"metadata":{"emulator":{"name":"pubsub"},"message":"Pub/Sub Emulator logging to \u001b[1mpubsub-debug.log\u001b[22m"}}
[debug] [2021-06-16T04:56:47.290Z] This is the Google Pub/Sub fake. {"metadata":{"emulator":{"name":"pubsub"},"message":"This is the Google Pub/Sub fake."}}
[debug] [2021-06-16T04:56:47.291Z] 
Implementation may be incomplete or differ from the real system.
 {"metadata":{"emulator":{"name":"pubsub"},"message":"\nImplementation may be incomplete or differ from the real system.\n"}}
[debug] [2021-06-16T04:56:47.345Z] Jun 16, 2021 7:56:47 AM com.google.cloud.pubsub.testing.v1.Main main
INFO: IAM integration is disabled. IAM policy methods and ACL checks are not supported
 {"metadata":{"emulator":{"name":"pubsub"},"message":"Jun 16, 2021 7:56:47 AM com.google.cloud.pubsub.testing.v1.Main main\nINFO: IAM integration is disabled. IAM policy methods and ACL checks are not supported\n"}}
[debug] [2021-06-16T04:56:48.928Z] Jun 16, 2021 7:56:48 AM io.gapi.emulators.netty.NettyUtil applyJava7LongHostnameWorkaround
INFO: Applied Java 7 long hostname workaround.
 {"metadata":{"emulator":{"name":"pubsub"},"message":"Jun 16, 2021 7:56:48 AM io.gapi.emulators.netty.NettyUtil applyJava7LongHostnameWorkaround\nINFO: Applied Java 7 long hostname workaround.\n"}}
[debug] [2021-06-16T04:56:49.033Z] Jun 16, 2021 7:56:49 AM com.google.cloud.pubsub.testing.v1.Main main
INFO: Server started, listening on 8085
 {"metadata":{"emulator":{"name":"pubsub"},"message":"Jun 16, 2021 7:56:49 AM com.google.cloud.pubsub.testing.v1.Main main\nINFO: Server started, listening on 8085\n"}}
[debug] [2021-06-16T04:56:49.110Z] Ignoring unsupported arg: port {"metadata":{"emulator":{"name":"storage"},"message":"Ignoring unsupported arg: port"}}
[debug] [2021-06-16T04:56:49.617Z] Jun 16, 2021 7:56:49 AM io.gapi.emulators.grpc.GrpcServer$3 operationComplete
INFO: Adding handler(s) to newly registered Channel.
 {"metadata":{"emulator":{"name":"pubsub"},"message":"Jun 16, 2021 7:56:49 AM io.gapi.emulators.grpc.GrpcServer$3 operationComplete\nINFO: Adding handler(s) to newly registered Channel.\n"}}
[debug] [2021-06-16T04:56:49.728Z] Temp file directory for storage emulator: /tmp/firebase/storage/blobs {"metadata":{"emulator":{"name":"storage"},"message":"Temp file directory for storage emulator: /tmp/firebase/storage/blobs"}}
[debug] [2021-06-16T04:56:51.536Z] >>> [apiv2][query] GET https://firebasehosting.googleapis.com/v1beta1/projects/fir-1-dd357/sites 
[debug] [2021-06-16T04:56:52.576Z] <<< [apiv2][status] GET https://firebasehosting.googleapis.com/v1beta1/projects/fir-1-dd357/sites 200
[debug] [2021-06-16T04:56:52.576Z] <<< [apiv2][body] GET https://firebasehosting.googleapis.com/v1beta1/projects/fir-1-dd357/sites {"sites":[{"name":"projects/713795347645/sites/fir-1-dd357","defaultUrl":"https://fir-1-dd357.web.app","type":"DEFAULT_SITE"}]}
[debug] [2021-06-16T04:56:52.577Z] >>> [apiv2][query] GET https://firebase.googleapis.com/v1beta1/projects/fir-1-dd357/webApps/-/config [none]
[debug] [2021-06-16T04:56:53.598Z] <<< [apiv2][status] GET https://firebase.googleapis.com/v1beta1/projects/fir-1-dd357/webApps/-/config 200
[debug] [2021-06-16T04:56:53.598Z] <<< [apiv2][body] GET https://firebase.googleapis.com/v1beta1/projects/fir-1-dd357/webApps/-/config {"projectId":"fir-1-dd357","appId":"1:713795347645:web:4edd0514290fb5698403d4","databaseURL":"https://fir-1-dd357.firebaseio.com","storageBucket":"fir-1-dd357.appspot.com","locationId":"europe-west3","apiKey":"AIzaSyB-_UmNEJ0bkFX0Mrk_GI5RMVq2qsKG70g","authDomain":"fir-1-dd357.firebaseapp.com","messagingSenderId":"713795347645","measurementId":"G-FW1W1848XL"}
[info] i  hosting: Serving hosting files from: public {"metadata":{"emulator":{"name":"hosting"},"message":"Serving hosting files from: \u001b[1mpublic\u001b[22m"}}
[info] ✔  hosting: Local server: http://127.0.0.1:5000 {"metadata":{"emulator":{"name":"hosting"},"message":"Local server: \u001b[4m\u001b[1mhttp://127.0.0.1:5000\u001b[22m\u001b[24m"}}
[debug] [2021-06-16T04:56:53.833Z] Ignoring unsupported arg: auto_download {"metadata":{"emulator":{"name":"ui"},"message":"Ignoring unsupported arg: auto_download"}}
[debug] [2021-06-16T04:56:53.834Z] Ignoring unsupported arg: port {"metadata":{"emulator":{"name":"ui"},"message":"Ignoring unsupported arg: port"}}
[debug] [2021-06-16T04:56:53.834Z] Starting Emulator UI with command {"binary":"node","args":["/root/.cache/firebase/emulators/ui-v1.5.0/server.bundle.js"],"optionalArgs":[],"joinArgs":false} {"metadata":{"emulator":{"name":"ui"},"message":"Starting Emulator UI with command {\"binary\":\"node\",\"args\":[\"/root/.cache/firebase/emulators/ui-v1.5.0/server.bundle.js\"],\"optionalArgs\":[],\"joinArgs\":false}"}}
[info] i  ui: Emulator UI logging to ui-debug.log {"metadata":{"emulator":{"name":"ui"},"message":"Emulator UI logging to \u001b[1mui-debug.log\u001b[22m"}}
[debug] [2021-06-16T04:56:53.967Z] Web / API server started at http://127.0.0.1:4000
 {"metadata":{"emulator":{"name":"ui"},"message":"Web / API server started at http://127.0.0.1:4000\n"}}
[info] i  functions: Watching "/root/fun/functions" for Cloud Functions... {"metadata":{"emulator":{"name":"functions"},"message":"Watching \"/root/fun/functions\" for Cloud Functions..."}}
[debug] [2021-06-16T04:56:54.118Z] [worker-pool] addWorker(~diagnostic~) {"metadata":{"emulator":{"name":"functions"},"message":"[worker-pool] addWorker(~diagnostic~)"}}
[debug] [2021-06-16T04:56:54.119Z] [worker-pool] Adding worker with key ~diagnostic~, total=1 {"metadata":{"emulator":{"name":"functions"},"message":"[worker-pool] Adding worker with key ~diagnostic~, total=1"}}
[debug] [2021-06-16T04:56:54.119Z] [worker-pool] submitWork(triggerId=) {"metadata":{"emulator":{"name":"functions"},"message":"[worker-pool] submitWork(triggerId=)"}}
[debug] [2021-06-16T04:56:54.120Z] [worker-~diagnostic~-5833674a-6614-4493-8300-84752090e76c]: Assigning socketPath: /tmp/fire_emu_451.sock {"metadata":{"emulator":{"name":"functions"},"message":"[worker-~diagnostic~-5833674a-6614-4493-8300-84752090e76c]: Assigning socketPath: /tmp/fire_emu_451.sock"}}
[debug] [2021-06-16T04:56:54.121Z] [worker-~diagnostic~-5833674a-6614-4493-8300-84752090e76c]: BUSY {"metadata":{"emulator":{"name":"functions"},"message":"[worker-~diagnostic~-5833674a-6614-4493-8300-84752090e76c]: BUSY"}}
[debug] [2021-06-16T04:56:54.299Z] [runtime-status] [451] Functions runtime initialized. {"cwd":"/root/fun/functions","node_version":"12.21.0"} {"metadata":{"emulator":{"name":"functions"},"message":"[runtime-status] [451] Functions runtime initialized. {\"cwd\":\"/root/fun/functions\",\"node_version\":\"12.21.0\"}"}}
[debug] [2021-06-16T04:56:54.299Z] [runtime-status] [451] Disabled runtime features: undefined {"metadata":{"emulator":{"name":"functions"},"message":"[runtime-status] [451] Disabled runtime features: undefined"}}
[debug] [2021-06-16T04:56:54.327Z] [runtime-status] [451] Resolved module firebase-admin {"declared":true,"installed":true,"version":"9.6.0","resolution":"/root/fun/functions/node_modules/firebase-admin/lib/index.js"} {"metadata":{"emulator":{"name":"functions"},"message":"[runtime-status] [451] Resolved module firebase-admin {\"declared\":true,\"installed\":true,\"version\":\"9.6.0\",\"resolution\":\"/root/fun/functions/node_modules/firebase-admin/lib/index.js\"}"}}
[debug] [2021-06-16T04:56:54.386Z] [runtime-status] [451] Resolved module firebase-functions {"declared":true,"installed":true,"version":"3.13.2","resolution":"/root/fun/functions/node_modules/firebase-functions/lib/index.js"} {"metadata":{"emulator":{"name":"functions"},"message":"[runtime-status] [451] Resolved module firebase-functions {\"declared\":true,\"installed\":true,\"version\":\"3.13.2\",\"resolution\":\"/root/fun/functions/node_modules/firebase-functions/lib/index.js\"}"}}
[debug] [2021-06-16T04:56:54.400Z] [runtime-status] [451] Found local functions config: /root/fun/functions/.runtimeconfig.json {"metadata":{"emulator":{"name":"functions"},"message":"[runtime-status] [451] Found local functions config: /root/fun/functions/.runtimeconfig.json"}}
[debug] [2021-06-16T04:56:54.401Z] [runtime-status] [451] Resolved module firebase-functions {"declared":true,"installed":true,"version":"3.13.2","resolution":"/root/fun/functions/node_modules/firebase-functions/lib/index.js"} {"metadata":{"emulator":{"name":"functions"},"message":"[runtime-status] [451] Resolved module firebase-functions {\"declared\":true,\"installed\":true,\"version\":\"3.13.2\",\"resolution\":\"/root/fun/functions/node_modules/firebase-functions/lib/index.js\"}"}}
[debug] [2021-06-16T04:56:54.401Z] [runtime-status] [451] Set PUBSUB_EMULATOR_HOST to 127.0.0.1:8085 {"metadata":{"emulator":{"name":"functions"},"message":"[runtime-status] [451] Set PUBSUB_EMULATOR_HOST to 127.0.0.1:8085"}}
[debug] [2021-06-16T04:56:54.404Z] [runtime-status] [451] Outgoing network have been stubbed. [{"name":"http","status":"mocked"},{"name":"http","status":"mocked"},{"name":"https","status":"mocked"},{"name":"https","status":"mocked"},{"name":"net","status":"mocked"}] {"metadata":{"emulator":{"name":"functions"},"message":"[runtime-status] [451] Outgoing network have been stubbed. [{\"name\":\"http\",\"status\":\"mocked\"},{\"name\":\"http\",\"status\":\"mocked\"},{\"name\":\"https\",\"status\":\"mocked\"},{\"name\":\"https\",\"status\":\"mocked\"},{\"name\":\"net\",\"status\":\"mocked\"}]"}}
[debug] [2021-06-16T04:56:54.404Z] [runtime-status] [451] Resolved module firebase-functions {"declared":true,"installed":true,"version":"3.13.2","resolution":"/root/fun/functions/node_modules/firebase-functions/lib/index.js"} {"metadata":{"emulator":{"name":"functions"},"message":"[runtime-status] [451] Resolved module firebase-functions {\"declared\":true,\"installed\":true,\"version\":\"3.13.2\",\"resolution\":\"/root/fun/functions/node_modules/firebase-functions/lib/index.js\"}"}}
[debug] [2021-06-16T04:56:54.890Z] [runtime-status] [451] Checked functions.config() {"config":{"gmail":{"password":"gaamyjfnhsjxzdoh","email":"ivvmail@gmail.com"},"gcp":{"project_id":"fir-1-dd357-emu","datacenter":"us-central1"},"env":{"firebase":{"messagingSenderId":"713795347645","storageBucket":"fir-1-dd357.appspot.com","appId":"1:713795347645:web:4edd0514290fb5698403d4","authDomain":"fir-1-dd357.firebaseapp.com","databaseURL":"https://fir-1-dd357.firebaseio.com","projectId":"fir-1-dd357","apiKey":"AIzaSyB-_UmNEJ0bkFX0Mrk_GI5RMVq2qsKG70g","measurementId":"G-FW1W1848XL"}},"telegram":{"bot_token":"1528045842:AAHS4TQ_OPAYdz0i90MU7vE28rm7wZEJfGg","webhook_secret":"secret123"}}} {"metadata":{"emulator":{"name":"functions"},"message":"[runtime-status] [451] Checked functions.config() {\"config\":{\"gmail\":{\"password\":\"gaamyjfnhsjxzdoh\",\"email\":\"ivvmail@gmail.com\"},\"gcp\":{\"project_id\":\"fir-1-dd357-emu\",\"datacenter\":\"us-central1\"},\"env\":{\"firebase\":{\"messagingSenderId\":\"713795347645\",\"storageBucket\":\"fir-1-dd357.appspot.com\",\"appId\":\"1:713795347645:web:4edd0514290fb5698403d4\",\"authDomain\":\"fir-1-dd357.firebaseapp.com\",\"databaseURL\":\"https://fir-1-dd357.firebaseio.com\",\"projectId\":\"fir-1-dd357\",\"apiKey\":\"AIzaSyB-_UmNEJ0bkFX0Mrk_GI5RMVq2qsKG70g\",\"measurementId\":\"G-FW1W1848XL\"}},\"telegram\":{\"bot_token\":\"1528045842:AAHS4TQ_OPAYdz0i90MU7vE28rm7wZEJfGg\",\"webhook_secret\":\"secret123\"}}}"}}
[debug] [2021-06-16T04:56:54.891Z] [runtime-status] [451] firebase-functions has been stubbed. {"functionsResolution":{"declared":true,"installed":true,"version":"3.13.2","resolution":"/root/fun/functions/node_modules/firebase-functions/lib/index.js"}} {"metadata":{"emulator":{"name":"functions"},"message":"[runtime-status] [451] firebase-functions has been stubbed. {\"functionsResolution\":{\"declared\":true,\"installed\":true,\"version\":\"3.13.2\",\"resolution\":\"/root/fun/functions/node_modules/firebase-functions/lib/index.js\"}}"}}
[debug] [2021-06-16T04:56:54.891Z] [runtime-status] [451] Resolved module firebase-functions {"declared":true,"installed":true,"version":"3.13.2","resolution":"/root/fun/functions/node_modules/firebase-functions/lib/index.js"} {"metadata":{"emulator":{"name":"functions"},"message":"[runtime-status] [451] Resolved module firebase-functions {\"declared\":true,\"installed\":true,\"version\":\"3.13.2\",\"resolution\":\"/root/fun/functions/node_modules/firebase-functions/lib/index.js\"}"}}
[debug] [2021-06-16T04:56:54.892Z] [runtime-status] [451] Resolved module firebase-admin {"declared":true,"installed":true,"version":"9.6.0","resolution":"/root/fun/functions/node_modules/firebase-admin/lib/index.js"} {"metadata":{"emulator":{"name":"functions"},"message":"[runtime-status] [451] Resolved module firebase-admin {\"declared\":true,\"installed\":true,\"version\":\"9.6.0\",\"resolution\":\"/root/fun/functions/node_modules/firebase-admin/lib/index.js\"}"}}
[debug] [2021-06-16T04:56:54.892Z] [runtime-status] [451] Resolved module firebase-functions {"declared":true,"installed":true,"version":"3.13.2","resolution":"/root/fun/functions/node_modules/firebase-functions/lib/index.js"} {"metadata":{"emulator":{"name":"functions"},"message":"[runtime-status] [451] Resolved module firebase-functions {\"declared\":true,\"installed\":true,\"version\":\"3.13.2\",\"resolution\":\"/root/fun/functions/node_modules/firebase-functions/lib/index.js\"}"}}
[debug] [2021-06-16T04:56:54.893Z] [runtime-status] [451] firebase-admin has been stubbed. {"adminResolution":{"declared":true,"installed":true,"version":"9.6.0","resolution":"/root/fun/functions/node_modules/firebase-admin/lib/index.js"}} {"metadata":{"emulator":{"name":"functions"},"message":"[runtime-status] [451] firebase-admin has been stubbed. {\"adminResolution\":{\"declared\":true,\"installed\":true,\"version\":\"9.6.0\",\"resolution\":\"/root/fun/functions/node_modules/firebase-admin/lib/index.js\"}}"}}
[debug] [2021-06-16T04:56:55.194Z] [runtime-status] [451] initializeApp(DEFAULT) {"storageBucket":"fir-1-dd357.appspot.com","databaseURL":"http://127.0.0.1:9000/?ns=fir-1-dd357","projectId":"fir-1-dd357"} {"metadata":{"emulator":{"name":"functions"},"message":"[runtime-status] [451] initializeApp(DEFAULT) {\"storageBucket\":\"fir-1-dd357.appspot.com\",\"databaseURL\":\"http://127.0.0.1:9000/?ns=fir-1-dd357\",\"projectId\":\"fir-1-dd357\"}"}}
[debug] [2021-06-16T04:56:58.697Z] addAuthTrigger {"eventTrigger":{"resource":"projects/fir-1-dd357","eventType":"providers/firebase.auth/eventTypes/user.create","service":"firebaseauth.googleapis.com"}}
[info] ✔  functions[us-central1-authorizationOnCreate]: auth function initialized. {"metadata":{"emulator":{"name":"functions"},"message":"\u001b[1mauth\u001b[22m function initialized."}}
[debug] [2021-06-16T04:56:58.699Z] addFirestoreTrigger "{\"eventTrigger\":{\"resource\":\"projects/fir-1-dd357/databases/(default)/documents/UsersRoles/{userId}\",\"eventType\":\"providers/cloud.firestore/eventTypes/document.update\",\"service\":\"firestore.googleapis.com\"}}"
[debug] [2021-06-16T04:56:58.700Z] >>> HTTP REQUEST PUT http://127.0.0.1:8080/emulator/v1/projects/fir-1-dd357/triggers/us-central1-onUserRoleUpdate-0  
 {"eventTrigger":{"resource":"projects/fir-1-dd357/databases/(default)/documents/UsersRoles/{userId}","eventType":"providers/cloud.firestore/eventTypes/document.update","service":"firestore.googleapis.com"}}
[debug] [2021-06-16T04:56:58.704Z] [worker-~diagnostic~-5833674a-6614-4493-8300-84752090e76c]: IDLE {"metadata":{"emulator":{"name":"functions"},"message":"[worker-~diagnostic~-5833674a-6614-4493-8300-84752090e76c]: IDLE"}}
[debug] [2021-06-16T04:56:58.837Z] Jun 16, 2021 7:56:58 AM io.gapi.emulators.netty.HttpVersionRoutingHandler channelRead
INFO: Detected non-HTTP/2 connection.
 {"metadata":{"emulator":{"name":"firestore"},"message":"Jun 16, 2021 7:56:58 AM io.gapi.emulators.netty.HttpVersionRoutingHandler channelRead\nINFO: Detected non-HTTP/2 connection.\n"}}
[debug] [2021-06-16T04:56:59.278Z] Jun 16, 2021 7:56:59 AM io.gapi.emulators.netty.HttpVersionRoutingHandler channelRead
INFO: Detected HTTP/2 connection.
 {"metadata":{"emulator":{"name":"firestore"},"message":"Jun 16, 2021 7:56:59 AM io.gapi.emulators.netty.HttpVersionRoutingHandler channelRead\nINFO: Detected HTTP/2 connection.\n"}}
[debug] [2021-06-16T04:57:00.932Z] <<< HTTP RESPONSE 200 {"content-type":"application/json","content-length":"4"}
[info] ✔  functions[us-central1-onUserRoleUpdate]: firestore function initialized. {"metadata":{"emulator":{"name":"functions"},"message":"\u001b[1mfirestore\u001b[22m function initialized."}}
[debug] [2021-06-16T04:57:00.948Z] >>> HTTP REQUEST PUT http://127.0.0.1:9000/.settings/rules.json?ns=fir-1-dd357  
 {
  "rules": {
    "users": {
      "$uid": {
        ".read": "auth.uid === $uid",
        ".write": "auth.uid === $uid"
      }
    }
  }
}

[debug] [2021-06-16T04:57:01.799Z] <<< HTTP RESPONSE 200 {"content-length":"15","content-type":"application/json; charset=utf-8","access-control-allow-origin":"*","cache-control":"no-cache","x-firebase-project-id":"fir-1-dd357","x-firebase-project-number":"123456789","x-firebase-uuid":"42f09437-6978-4ca2-a55d-51964845722b"}
[info] 
┌─────────────────────────────────────────────────────────────┐
│ ✔  All emulators ready! It is now safe to connect your app. │
│ i  View Emulator UI at http://127.0.0.1:4000                │
└─────────────────────────────────────────────────────────────┘

┌────────────────┬────────────────┬─────────────────────────────────┐
│ Emulator       │ Host:Port      │ View in Emulator UI             │
├────────────────┼────────────────┼─────────────────────────────────┤
│ Authentication │ 127.0.0.1:9099 │ http://127.0.0.1:4000/auth      │
├────────────────┼────────────────┼─────────────────────────────────┤
│ Functions      │ 127.0.0.1:5001 │ http://127.0.0.1:4000/functions │
├────────────────┼────────────────┼─────────────────────────────────┤
│ Firestore      │ 127.0.0.1:8080 │ http://127.0.0.1:4000/firestore │
├────────────────┼────────────────┼─────────────────────────────────┤
│ Database       │ 127.0.0.1:9000 │ http://127.0.0.1:4000/database  │
├────────────────┼────────────────┼─────────────────────────────────┤
│ Hosting        │ 127.0.0.1:5000 │ n/a                             │
├────────────────┼────────────────┼─────────────────────────────────┤
│ Pub/Sub        │ 127.0.0.1:8085 │ n/a                             │
├────────────────┼────────────────┼─────────────────────────────────┤
│ Storage        │ 127.0.0.1:9199 │ http://127.0.0.1:4000/storage   │
└────────────────┴────────────────┴─────────────────────────────────┘
  Emulator Hub running at 127.0.0.1:4400
  Other reserved ports: 4500

Issues? Report them at https://github.com/firebase/firebase-tools/issues and attach the *-debug.log files.
 
[debug] [2021-06-16T04:58:47.858Z] Jun 16, 2021 7:58:47 AM io.gapi.emulators.netty.HttpVersionRoutingHandler channelRead
INFO: Detected HTTP/2 connection.
 {"metadata":{"emulator":{"name":"firestore"},"message":"Jun 16, 2021 7:58:47 AM io.gapi.emulators.netty.HttpVersionRoutingHandler channelRead\nINFO: Detected HTTP/2 connection.\n"}}
[debug] [2021-06-16T07:54:54.249Z] Jun 16, 2021 10:54:54 AM io.gapi.emulators.netty.HttpVersionRoutingHandler channelRead
INFO: Detected HTTP/2 connection.
 {"metadata":{"emulator":{"name":"firestore"},"message":"Jun 16, 2021 10:54:54 AM io.gapi.emulators.netty.HttpVersionRoutingHandler channelRead\nINFO: Detected HTTP/2 connection.\n"}}
[debug] [2021-06-16T08:12:46.202Z] Jun 16, 2021 11:12:46 AM io.gapi.emulators.netty.HttpVersionRoutingHandler channelRead
INFO: Detected HTTP/2 connection.
 {"metadata":{"emulator":{"name":"firestore"},"message":"Jun 16, 2021 11:12:46 AM io.gapi.emulators.netty.HttpVersionRoutingHandler channelRead\nINFO: Detected HTTP/2 connection.\n"}}
[debug] [2021-06-16T08:14:09.055Z] Jun 16, 2021 11:14:09 AM io.gapi.emulators.netty.HttpVersionRoutingHandler channelRead
INFO: Detected HTTP/2 connection.
 {"metadata":{"emulator":{"name":"firestore"},"message":"Jun 16, 2021 11:14:09 AM io.gapi.emulators.netty.HttpVersionRoutingHandler channelRead\nINFO: Detected HTTP/2 connection.\n"}}
[debug] [2021-06-16T08:14:56.683Z] Jun 16, 2021 11:14:56 AM io.gapi.emulators.netty.HttpVersionRoutingHandler channelRead
INFO: Detected HTTP/2 connection.
 {"metadata":{"emulator":{"name":"firestore"},"message":"Jun 16, 2021 11:14:56 AM io.gapi.emulators.netty.HttpVersionRoutingHandler channelRead\nINFO: Detected HTTP/2 connection.\n"}}
[debug] [2021-06-16T08:39:03.067Z] Jun 16, 2021 11:39:03 AM io.gapi.emulators.netty.HttpVersionRoutingHandler channelRead
INFO: Detected non-HTTP/2 connection.
 {"metadata":{"emulator":{"name":"firestore"},"message":"Jun 16, 2021 11:39:03 AM io.gapi.emulators.netty.HttpVersionRoutingHandler channelRead\nINFO: Detected non-HTTP/2 connection.\n"}}
[debug] [2021-06-16T08:39:03.105Z] Jun 16, 2021 11:39:03 AM io.gapi.emulators.netty.HttpVersionRoutingHandler channelRead
INFO: Detected non-HTTP/2 connection.
 {"metadata":{"emulator":{"name":"firestore"},"message":"Jun 16, 2021 11:39:03 AM io.gapi.emulators.netty.HttpVersionRoutingHandler channelRead\nINFO: Detected non-HTTP/2 connection.\n"}}
[debug] [2021-06-16T08:39:03.737Z] Jun 16, 2021 11:39:03 AM io.gapi.emulators.netty.HttpVersionRoutingHandler channelRead
INFO: Detected non-HTTP/2 connection.
 {"metadata":{"emulator":{"name":"firestore"},"message":"Jun 16, 2021 11:39:03 AM io.gapi.emulators.netty.HttpVersionRoutingHandler channelRead\nINFO: Detected non-HTTP/2 connection.\n"}}
[debug] [2021-06-16T08:39:04.264Z] Jun 16, 2021 11:39:04 AM io.gapi.emulators.netty.HttpVersionRoutingHandler channelRead
INFO: Detected non-HTTP/2 connection.
 {"metadata":{"emulator":{"name":"firestore"},"message":"Jun 16, 2021 11:39:04 AM io.gapi.emulators.netty.HttpVersionRoutingHandler channelRead\nINFO: Detected non-HTTP/2 connection.\n"}}
[debug] [2021-06-16T08:39:06.785Z] Jun 16, 2021 11:39:06 AM io.gapi.emulators.netty.HttpVersionRoutingHandler channelRead
INFO: Detected HTTP/2 connection.
 {"metadata":{"emulator":{"name":"firestore"},"message":"Jun 16, 2021 11:39:06 AM io.gapi.emulators.netty.HttpVersionRoutingHandler channelRead\nINFO: Detected HTTP/2 connection.\n"}}
[debug] [2021-06-16T08:39:14.561Z] Jun 16, 2021 11:39:14 AM io.gapi.emulators.netty.HttpVersionRoutingHandler channelRead
INFO: Detected non-HTTP/2 connection.
 {"metadata":{"emulator":{"name":"firestore"},"message":"Jun 16, 2021 11:39:14 AM io.gapi.emulators.netty.HttpVersionRoutingHandler channelRead\nINFO: Detected non-HTTP/2 connection.\n"}}
[debug] [2021-06-16T08:39:15.217Z] Jun 16, 2021 11:39:15 AM io.gapi.emulators.netty.HttpVersionRoutingHandler channelRead
INFO: Detected non-HTTP/2 connection.
 {"metadata":{"emulator":{"name":"firestore"},"message":"Jun 16, 2021 11:39:15 AM io.gapi.emulators.netty.HttpVersionRoutingHandler channelRead\nINFO: Detected non-HTTP/2 connection.\n"}}
[debug] [2021-06-16T08:39:15.753Z] Jun 16, 2021 11:39:15 AM io.gapi.emulators.netty.HttpVersionRoutingHandler channelRead
INFO: Detected non-HTTP/2 connection.
 {"metadata":{"emulator":{"name":"firestore"},"message":"Jun 16, 2021 11:39:15 AM io.gapi.emulators.netty.HttpVersionRoutingHandler channelRead\nINFO: Detected non-HTTP/2 connection.\n"}}
[debug] [2021-06-16T08:39:16.162Z] Jun 16, 2021 11:39:16 AM io.gapi.emulators.netty.HttpVersionRoutingHandler channelRead
INFO: Detected non-HTTP/2 connection.
 {"metadata":{"emulator":{"name":"firestore"},"message":"Jun 16, 2021 11:39:16 AM io.gapi.emulators.netty.HttpVersionRoutingHandler channelRead\nINFO: Detected non-HTTP/2 connection.\n"}}
[debug] [2021-06-16T08:40:03.179Z] Jun 16, 2021 11:40:03 AM io.gapi.emulators.netty.HttpVersionRoutingHandler channelRead
INFO: Detected non-HTTP/2 connection.
 {"metadata":{"emulator":{"name":"firestore"},"message":"Jun 16, 2021 11:40:03 AM io.gapi.emulators.netty.HttpVersionRoutingHandler channelRead\nINFO: Detected non-HTTP/2 connection.\n"}}
[debug] [2021-06-16T08:40:16.240Z] Jun 16, 2021 11:40:16 AM io.gapi.emulators.netty.HttpVersionRoutingHandler channelRead
INFO: Detected non-HTTP/2 connection.
 {"metadata":{"emulator":{"name":"firestore"},"message":"Jun 16, 2021 11:40:16 AM io.gapi.emulators.netty.HttpVersionRoutingHandler channelRead\nINFO: Detected non-HTTP/2 connection.\n"}}
[debug] [2021-06-16T08:41:03.214Z] Jun 16, 2021 11:41:03 AM io.gapi.emulators.netty.HttpVersionRoutingHandler channelRead
INFO: Detected non-HTTP/2 connection.
 {"metadata":{"emulator":{"name":"firestore"},"message":"Jun 16, 2021 11:41:03 AM io.gapi.emulators.netty.HttpVersionRoutingHandler channelRead\nINFO: Detected non-HTTP/2 connection.\n"}}
[debug] [2021-06-16T08:41:16.271Z] Jun 16, 2021 11:41:16 AM io.gapi.emulators.netty.HttpVersionRoutingHandler channelRead
INFO: Detected non-HTTP/2 connection.
 {"metadata":{"emulator":{"name":"firestore"},"message":"Jun 16, 2021 11:41:16 AM io.gapi.emulators.netty.HttpVersionRoutingHandler channelRead\nINFO: Detected non-HTTP/2 connection.\n"}}
[debug] [2021-06-16T08:42:19.169Z] Jun 16, 2021 11:42:19 AM io.gapi.emulators.netty.HttpVersionRoutingHandler channelRead
INFO: Detected non-HTTP/2 connection.
 {"metadata":{"emulator":{"name":"firestore"},"message":"Jun 16, 2021 11:42:19 AM io.gapi.emulators.netty.HttpVersionRoutingHandler channelRead\nINFO: Detected non-HTTP/2 connection.\n"}}
[debug] [2021-06-16T08:42:32.164Z] Jun 16, 2021 11:42:32 AM io.gapi.emulators.netty.HttpVersionRoutingHandler channelRead
INFO: Detected non-HTTP/2 connection.
 {"metadata":{"emulator":{"name":"firestore"},"message":"Jun 16, 2021 11:42:32 AM io.gapi.emulators.netty.HttpVersionRoutingHandler channelRead\nINFO: Detected non-HTTP/2 connection.\n"}}
[debug] [2021-06-16T08:43:32.198Z] Jun 16, 2021 11:43:32 AM io.gapi.emulators.netty.HttpVersionRoutingHandler channelRead
INFO: Detected non-HTTP/2 connection.
 {"metadata":{"emulator":{"name":"firestore"},"message":"Jun 16, 2021 11:43:32 AM io.gapi.emulators.netty.HttpVersionRoutingHandler channelRead\nINFO: Detected non-HTTP/2 connection.\n"}}
[debug] [2021-06-16T08:43:35.166Z] Jun 16, 2021 11:43:35 AM io.gapi.emulators.netty.HttpVersionRoutingHandler channelRead
INFO: Detected non-HTTP/2 connection.
 {"metadata":{"emulator":{"name":"firestore"},"message":"Jun 16, 2021 11:43:35 AM io.gapi.emulators.netty.HttpVersionRoutingHandler channelRead\nINFO: Detected non-HTTP/2 connection.\n"}}
[debug] [2021-06-16T08:44:35.267Z] Jun 16, 2021 11:44:35 AM io.gapi.emulators.netty.HttpVersionRoutingHandler channelRead
INFO: Detected non-HTTP/2 connection.
 {"metadata":{"emulator":{"name":"firestore"},"message":"Jun 16, 2021 11:44:35 AM io.gapi.emulators.netty.HttpVersionRoutingHandler channelRead\nINFO: Detected non-HTTP/2 connection.\n"}}
[debug] [2021-06-16T08:44:48.159Z] Jun 16, 2021 11:44:48 AM io.gapi.emulators.netty.HttpVersionRoutingHandler channelRead
INFO: Detected non-HTTP/2 connection.
 {"metadata":{"emulator":{"name":"firestore"},"message":"Jun 16, 2021 11:44:48 AM io.gapi.emulators.netty.HttpVersionRoutingHandler channelRead\nINFO: Detected non-HTTP/2 connection.\n"}}
[debug] [2021-06-16T08:45:35.300Z] Jun 16, 2021 11:45:35 AM io.gapi.emulators.netty.HttpVersionRoutingHandler channelRead
INFO: Detected non-HTTP/2 connection.
 {"metadata":{"emulator":{"name":"firestore"},"message":"Jun 16, 2021 11:45:35 AM io.gapi.emulators.netty.HttpVersionRoutingHandler channelRead\nINFO: Detected non-HTTP/2 connection.\n"}}
[debug] [2021-06-16T08:45:48.199Z] Jun 16, 2021 11:45:48 AM io.gapi.emulators.netty.HttpVersionRoutingHandler channelRead
INFO: Detected non-HTTP/2 connection.
 {"metadata":{"emulator":{"name":"firestore"},"message":"Jun 16, 2021 11:45:48 AM io.gapi.emulators.netty.HttpVersionRoutingHandler channelRead\nINFO: Detected non-HTTP/2 connection.\n"}}
[debug] [2021-06-16T08:46:51.161Z] Jun 16, 2021 11:46:51 AM io.gapi.emulators.netty.HttpVersionRoutingHandler channelRead
INFO: Detected non-HTTP/2 connection.
 {"metadata":{"emulator":{"name":"firestore"},"message":"Jun 16, 2021 11:46:51 AM io.gapi.emulators.netty.HttpVersionRoutingHandler channelRead\nINFO: Detected non-HTTP/2 connection.\n"}}
[debug] [2021-06-16T08:47:04.161Z] Jun 16, 2021 11:47:04 AM io.gapi.emulators.netty.HttpVersionRoutingHandler channelRead
INFO: Detected non-HTTP/2 connection.
 {"metadata":{"emulator":{"name":"firestore"},"message":"Jun 16, 2021 11:47:04 AM io.gapi.emulators.netty.HttpVersionRoutingHandler channelRead\nINFO: Detected non-HTTP/2 connection.\n"}}
[debug] [2021-06-16T08:47:37.162Z] Jun 16, 2021 11:47:37 AM io.gapi.emulators.netty.HttpVersionRoutingHandler channelRead
INFO: Detected non-HTTP/2 connection.
 {"metadata":{"emulator":{"name":"firestore"},"message":"Jun 16, 2021 11:47:37 AM io.gapi.emulators.netty.HttpVersionRoutingHandler channelRead\nINFO: Detected non-HTTP/2 connection.\n"}}
[debug] [2021-06-16T08:48:04.191Z] Jun 16, 2021 11:48:04 AM io.gapi.emulators.netty.HttpVersionRoutingHandler channelRead
INFO: Detected non-HTTP/2 connection.
 {"metadata":{"emulator":{"name":"firestore"},"message":"Jun 16, 2021 11:48:04 AM io.gapi.emulators.netty.HttpVersionRoutingHandler channelRead\nINFO: Detected non-HTTP/2 connection.\n"}}
[debug] [2021-06-16T08:48:23.162Z] Jun 16, 2021 11:48:23 AM io.gapi.emulators.netty.HttpVersionRoutingHandler channelRead
INFO: Detected non-HTTP/2 connection.
 {"metadata":{"emulator":{"name":"firestore"},"message":"Jun 16, 2021 11:48:23 AM io.gapi.emulators.netty.HttpVersionRoutingHandler channelRead\nINFO: Detected non-HTTP/2 connection.\n"}}
[debug] [2021-06-16T08:49:20.153Z] Jun 16, 2021 11:49:20 AM io.gapi.emulators.netty.HttpVersionRoutingHandler channelRead
INFO: Detected non-HTTP/2 connection.
 {"metadata":{"emulator":{"name":"firestore"},"message":"Jun 16, 2021 11:49:20 AM io.gapi.emulators.netty.HttpVersionRoutingHandler channelRead\nINFO: Detected non-HTTP/2 connection.\n"}}
[debug] [2021-06-16T08:49:23.192Z] Jun 16, 2021 11:49:23 AM io.gapi.emulators.netty.HttpVersionRoutingHandler channelRead
INFO: Detected non-HTTP/2 connection.
 {"metadata":{"emulator":{"name":"firestore"},"message":"Jun 16, 2021 11:49:23 AM io.gapi.emulators.netty.HttpVersionRoutingHandler channelRead\nINFO: Detected non-HTTP/2 connection.\n"}}
[debug] [2021-06-16T08:50:09.152Z] Jun 16, 2021 11:50:09 AM io.gapi.emulators.netty.HttpVersionRoutingHandler channelRead
INFO: Detected non-HTTP/2 connection.
 {"metadata":{"emulator":{"name":"firestore"},"message":"Jun 16, 2021 11:50:09 AM io.gapi.emulators.netty.HttpVersionRoutingHandler channelRead\nINFO: Detected non-HTTP/2 connection.\n"}}
[debug] [2021-06-16T08:50:20.181Z] Jun 16, 2021 11:50:20 AM io.gapi.emulators.netty.HttpVersionRoutingHandler channelRead
INFO: Detected non-HTTP/2 connection.
 {"metadata":{"emulator":{"name":"firestore"},"message":"Jun 16, 2021 11:50:20 AM io.gapi.emulators.netty.HttpVersionRoutingHandler channelRead\nINFO: Detected non-HTTP/2 connection.\n"}}
[debug] [2021-06-16T08:51:09.184Z] Jun 16, 2021 11:51:09 AM io.gapi.emulators.netty.HttpVersionRoutingHandler channelRead
INFO: Detected non-HTTP/2 connection.
 {"metadata":{"emulator":{"name":"firestore"},"message":"Jun 16, 2021 11:51:09 AM io.gapi.emulators.netty.HttpVersionRoutingHandler channelRead\nINFO: Detected non-HTTP/2 connection.\n"}}
[debug] [2021-06-16T08:51:20.207Z] Jun 16, 2021 11:51:20 AM io.gapi.emulators.netty.HttpVersionRoutingHandler channelRead
INFO: Detected non-HTTP/2 connection.
 {"metadata":{"emulator":{"name":"firestore"},"message":"Jun 16, 2021 11:51:20 AM io.gapi.emulators.netty.HttpVersionRoutingHandler channelRead\nINFO: Detected non-HTTP/2 connection.\n"}}
[debug] [2021-06-16T08:51:55.159Z] Jun 16, 2021 11:51:55 AM io.gapi.emulators.netty.HttpVersionRoutingHandler channelRead
INFO: Detected non-HTTP/2 connection.
 {"metadata":{"emulator":{"name":"firestore"},"message":"Jun 16, 2021 11:51:55 AM io.gapi.emulators.netty.HttpVersionRoutingHandler channelRead\nINFO: Detected non-HTTP/2 connection.\n"}}
[debug] [2021-06-16T08:52:20.229Z] Jun 16, 2021 11:52:20 AM io.gapi.emulators.netty.HttpVersionRoutingHandler channelRead
INFO: Detected non-HTTP/2 connection.
 {"metadata":{"emulator":{"name":"firestore"},"message":"Jun 16, 2021 11:52:20 AM io.gapi.emulators.netty.HttpVersionRoutingHandler channelRead\nINFO: Detected non-HTTP/2 connection.\n"}}
[debug] [2021-06-16T08:52:55.186Z] Jun 16, 2021 11:52:55 AM io.gapi.emulators.netty.HttpVersionRoutingHandler channelRead
INFO: Detected non-HTTP/2 connection.
 {"metadata":{"emulator":{"name":"firestore"},"message":"Jun 16, 2021 11:52:55 AM io.gapi.emulators.netty.HttpVersionRoutingHandler channelRead\nINFO: Detected non-HTTP/2 connection.\n"}}
[debug] [2021-06-16T08:53:20.255Z] Jun 16, 2021 11:53:20 AM io.gapi.emulators.netty.HttpVersionRoutingHandler channelRead
INFO: Detected non-HTTP/2 connection.
 {"metadata":{"emulator":{"name":"firestore"},"message":"Jun 16, 2021 11:53:20 AM io.gapi.emulators.netty.HttpVersionRoutingHandler channelRead\nINFO: Detected non-HTTP/2 connection.\n"}}
[debug] [2021-06-16T08:53:55.216Z] Jun 16, 2021 11:53:55 AM io.gapi.emulators.netty.HttpVersionRoutingHandler channelRead
INFO: Detected non-HTTP/2 connection.
 {"metadata":{"emulator":{"name":"firestore"},"message":"Jun 16, 2021 11:53:55 AM io.gapi.emulators.netty.HttpVersionRoutingHandler channelRead\nINFO: Detected non-HTTP/2 connection.\n"}}
[debug] [2021-06-16T08:54:20.284Z] Jun 16, 2021 11:54:20 AM io.gapi.emulators.netty.HttpVersionRoutingHandler channelRead
INFO: Detected non-HTTP/2 connection.
 {"metadata":{"emulator":{"name":"firestore"},"message":"Jun 16, 2021 11:54:20 AM io.gapi.emulators.netty.HttpVersionRoutingHandler channelRead\nINFO: Detected non-HTTP/2 connection.\n"}}
[debug] [2021-06-16T08:54:41.157Z] Jun 16, 2021 11:54:41 AM io.gapi.emulators.netty.HttpVersionRoutingHandler channelRead
INFO: Detected non-HTTP/2 connection.
 {"metadata":{"emulator":{"name":"firestore"},"message":"Jun 16, 2021 11:54:41 AM io.gapi.emulators.netty.HttpVersionRoutingHandler channelRead\nINFO: Detected non-HTTP/2 connection.\n"}}
